# hydro3 experiment
# revision 8a6e17025114a779c593063f93340f758b6ed11d
# EXPERIMENT PARAMETERS
# int parameters
set int Nx 64
set int Ny 64
set int Nz 5
set int density_smooth_times 2
set int force_smooth_times 0
set int initial_volume_fraction_smooth_times 2
set int iter_history_n 0
set int iter_history_sfixed 0
set int lu_relaxed_num_iters_limit 100
set int max_frame_index 0
set int max_frame_scalar_index 10000
set int max_num_particles 10
set int min_num_particles 3
set int num_iterations_limit 1000
set int num_phases 1
set int omp_num_threads 4
set int output_factor_x 1
set int output_factor_y 1
set int output_factor_z 1
set int viscosity_smooth_times 2

# double parameters
set double IR 0
set double IR2 0
set double SA_threshold 0
set double T 100000
set double absorption_rate_0 100
set double absorption_rate_1 0
set double absorption_rate_2 0
set double advection_dt_factor 0.1
set double back_relaxation_factor 1
set double cfl 0.5
set double cfl_advection 0.5
set double chem_intensity 0
set double conductivity_0 1
set double conductivity_1 1
set double conductivity_2 1
set double convergence_tolerance 1e-06
set double density_0 1
set double density_1 1
set double density_2 1
set double dt 100000
set double guess_extrapolation 0
set double heat_box_temperature 0
set double heat_relaxation_factor 1
set double incompressible_relaxation 0
set double lu_relaxed_relaxation_factor 1.9
set double lu_relaxed_tolerance 0
set double meshvel_weight 0.5
set double molar_0 1
set double molar_1 1
set double molar_2 1
set double particle_radius 1.5
set double pressure_relaxation_factor 0.9
set double radiation_intensity 1
set double rhie_chow_factor 1
set double sharp 0
set double sigma 0
set double spawning_gap 0.25
set double temperature_expansion_base_0 0
set double temperature_expansion_base_1 0
set double temperature_expansion_base_2 0
set double temperature_expansion_rate_0 0
set double temperature_expansion_rate_1 0
set double temperature_expansion_rate_2 0
set double temperature_initial 0
set double velocity_relaxation_factor 0.8
set double viscosity_0 0.0003125
set double viscosity_1 1
set double viscosity_2 1

# string parameters
set string MODULE hydro2D_uniform_MPI
set string advection_solver tvd
set string chemistry steady
set string condition_bottom wall 0 0 0
set string condition_close wall 0 0 0
set string condition_far wall 0 0 0
set string condition_left wall 0 0 0
set string condition_right wall 0 0 0
set string condition_top wall 1 0 0
set string field_output_format paraview
set string filename_log exp.log
set string linear_solver_heat lu
set string linear_solver_pressure gauss_seidel
set string linear_solver_velocity lu
set string name exp
set string plt_title Cavity_Nx64
set string status blank

# bool parameters
set bool advection_enable 1
set bool compressible_enable 0
set bool deforming_velocity 0
set bool dt_auto 0
set bool fluid_enable 1
set bool force_geometric_average 0
set bool heat_enable 0
set bool iter_history_enable 1
set bool iter_history_mesh 0
set bool meshvel_output 1
set bool no_mesh_output 0
set bool no_output 0
set bool output_curvature 0
set bool output_density 0
set bool output_density_0 0
set bool output_density_1 0
set bool output_density_2 0
set bool output_divergence 0
set bool output_excluded 0
set bool output_mass_fraction_0 0
set bool output_mass_fraction_1 0
set bool output_mass_fraction_2 0
set bool output_mass_source_0 0
set bool output_mass_source_1 0
set bool output_mass_source_2 0
set bool output_partial_density_0 0
set bool output_partial_density_1 0
set bool output_partial_density_2 0
set bool output_pressure 1
set bool output_radiation 0
set bool output_target_density_0 0
set bool output_target_density_1 0
set bool output_target_density_2 0
set bool output_temperature 0
set bool output_velocity_x 1
set bool output_velocity_y 1
set bool output_velocity_z 0
set bool output_viscosity 0
set bool output_volume_fraction_0 1
set bool output_volume_fraction_1 1
set bool output_volume_fraction_2 0
set bool output_volume_source 0
set bool output_x 1
set bool output_y 1
set bool output_z 0
set bool radiation_enable 0
set bool simpler 0
set bool stat_s_enable 1
set bool time_second_order 1
set bool time_second_order_heat 1
set bool tvd_split 0

# vect parameters
set vect A (0,0,0)
set vect A1 (0,0,0)
set vect A2 (0,0,0)
set vect B (1,1,1)
set vect B1 (0,0,1)
set vect B2 (0,0,1)
set vect IC (0,0,0)
set vect IC2 (0,0,0)
set vect box_A (0,0)
set vect box_B (0,0)
set vect force (0,0,0)
set vect gravity (0,0,0)
set vect heat_box_lb (0,0,0)
set vect heat_box_rt (0,0,0)
set vect initial_velocity (0,0)
set vect meshvel (0,0,0)
set vect radiation_box_lb (0.07,0.04,-0.01)
set vect radiation_box_rt (0.13,0.06,0.01)
set vect radiation_direction (0,-1,0)
set vect reaction_zone_lb (0,0,0)
set vect reaction_zone_rt (0,0,0)


Time step changed from 0 to 100000
BEGIN. t=100000, dt=100000, n=1
.....s=1, Rs=0.44778
.....s=2, Rs=0.208238
.....s=3, Rs=0.101053
.....s=4, Rs=0.0841546
.....s=5, Rs=0.0819688
.....s=6, Rs=0.0711744
.....s=7, Rs=0.066177
.....s=8, Rs=0.062115
.....s=9, Rs=0.059606
.....s=10, Rs=0.0558768
.....s=11, Rs=0.0537531
.....s=12, Rs=0.0508983
.....s=13, Rs=0.0509969
.....s=14, Rs=0.0512198
.....s=15, Rs=0.0516519
.....s=16, Rs=0.052254
.....s=17, Rs=0.0509456
.....s=18, Rs=0.0496449
.....s=19, Rs=0.0506512
.....s=20, Rs=0.0495945
.....s=21, Rs=0.0477725
.....s=22, Rs=0.0468552
.....s=23, Rs=0.0466086
.....s=24, Rs=0.0450948
.....s=25, Rs=0.043468
.....s=26, Rs=0.0421377
.....s=27, Rs=0.0412281
.....s=28, Rs=0.0396815
.....s=29, Rs=0.0388594
.....s=30, Rs=0.0378905
.....s=31, Rs=0.0362256
.....s=32, Rs=0.0355296
.....s=33, Rs=0.0344188
.....s=34, Rs=0.0328095
.....s=35, Rs=0.0321386
.....s=36, Rs=0.0310967
.....s=37, Rs=0.03011
.....s=38, Rs=0.0292468
.....s=39, Rs=0.0278531
.....s=40, Rs=0.0270676
.....s=41, Rs=0.0257546
.....s=42, Rs=0.0250638
.....s=43, Rs=0.0238392
.....s=44, Rs=0.0229273
.....s=45, Rs=0.0218963
.....s=46, Rs=0.021041
.....s=47, Rs=0.0200702
.....s=48, Rs=0.0192566
.....s=49, Rs=0.0182819
.....s=50, Rs=0.0176337
.....s=51, Rs=0.0165263
.....s=52, Rs=0.0161867
.....s=53, Rs=0.0153915
.....s=54, Rs=0.0151594
.....s=55, Rs=0.0147047
.....s=56, Rs=0.0145234
.....s=57, Rs=0.0141988
.....s=58, Rs=0.0138682
.....s=59, Rs=0.0136785
.....s=60, Rs=0.0133901
.....s=61, Rs=0.0130355
.....s=62, Rs=0.0128324
.....s=63, Rs=0.0125991
.....s=64, Rs=0.01232
.....s=65, Rs=0.0119703
.....s=66, Rs=0.0116292
.....s=67, Rs=0.0113261
.....s=68, Rs=0.0109959
.....s=69, Rs=0.0106718
.....s=70, Rs=0.0103498
.....s=71, Rs=0.0100423
.....s=72, Rs=0.00994444
.....s=73, Rs=0.00991025
.....s=74, Rs=0.00985704
.....s=75, Rs=0.00978623
.....s=76, Rs=0.00973706
.....s=77, Rs=0.0096893
.....s=78, Rs=0.00957852
.....s=79, Rs=0.00951182
.....s=80, Rs=0.00942709
.....s=81, Rs=0.00931908
.....s=82, Rs=0.00922667
.....s=83, Rs=0.00907343
.....s=84, Rs=0.00898443
.....s=85, Rs=0.00884649
.....s=86, Rs=0.00865761
.....s=87, Rs=0.00856428
.....s=88, Rs=0.00843113
.....s=89, Rs=0.00833629
.....s=90, Rs=0.00829924
.....s=91, Rs=0.00824589
.....s=92, Rs=0.00830375
.....s=93, Rs=0.00831755
.....s=94, Rs=0.00830332
.....s=95, Rs=0.00826224
.....s=96, Rs=0.00823865
.....s=97, Rs=0.00825948
.....s=98, Rs=0.00823787
.....s=99, Rs=0.00823391
.....s=100, Rs=0.00813595
.....s=101, Rs=0.00816755
.....s=102, Rs=0.00806514
.....s=103, Rs=0.00803637
.....s=104, Rs=0.00791962
.....s=105, Rs=0.00787878
.....s=106, Rs=0.007806
.....s=107, Rs=0.00776801
.....s=108, Rs=0.00771637
.....s=109, Rs=0.00768217
.....s=110, Rs=0.00763724
.....s=111, Rs=0.00756946
.....s=112, Rs=0.00754056
.....s=113, Rs=0.00749529
.....s=114, Rs=0.00742844
.....s=115, Rs=0.00740016
.....s=116, Rs=0.0073625
.....s=117, Rs=0.00730007
.....s=118, Rs=0.00724979
.....s=119, Rs=0.00723018
.....s=120, Rs=0.00719273
.....s=121, Rs=0.00712775
.....s=122, Rs=0.00705847
.....s=123, Rs=0.00706884
.....s=124, Rs=0.00707013
.....s=125, Rs=0.0070624
.....s=126, Rs=0.0070424
.....s=127, Rs=0.00702106
.....s=128, Rs=0.00699988
.....s=129, Rs=0.00698506
.....s=130, Rs=0.00694578
.....s=131, Rs=0.00690609
.....s=132, Rs=0.00684154
.....s=133, Rs=0.00677641
.....s=134, Rs=0.00673258
.....s=135, Rs=0.00666365
.....s=136, Rs=0.00659692
.....s=137, Rs=0.00654507
.....s=138, Rs=0.0064858
.....s=139, Rs=0.00641657
.....s=140, Rs=0.00636183
.....s=141, Rs=0.00631274
.....s=142, Rs=0.00624793
.....s=143, Rs=0.00618199
.....s=144, Rs=0.00610221
.....s=145, Rs=0.00603498
.....s=146, Rs=0.00596751
.....s=147, Rs=0.00588276
.....s=148, Rs=0.00580521
.....s=149, Rs=0.00571642
.....s=150, Rs=0.00562911
.....s=151, Rs=0.00553092
.....s=152, Rs=0.00541437
.....s=153, Rs=0.00530659
.....s=154, Rs=0.00517242
.....s=155, Rs=0.0050544
.....s=156, Rs=0.00492436
.....s=157, Rs=0.00486161
.....s=158, Rs=0.00481248
.....s=159, Rs=0.00475701
.....s=160, Rs=0.00469484
.....s=161, Rs=0.00462679
.....s=162, Rs=0.00455149
.....s=163, Rs=0.00448524
.....s=164, Rs=0.00441621
.....s=165, Rs=0.00435153
.....s=166, Rs=0.00429329
.....s=167, Rs=0.00424347
.....s=168, Rs=0.00418361
.....s=169, Rs=0.00413504
.....s=170, Rs=0.00406951
.....s=171, Rs=0.00400577
.....s=172, Rs=0.0039386
.....s=173, Rs=0.00390715
.....s=174, Rs=0.00391779
.....s=175, Rs=0.00391958
.....s=176, Rs=0.00391194
.....s=177, Rs=0.00389752
.....s=178, Rs=0.00387459
.....s=179, Rs=0.00384936
.....s=180, Rs=0.00383117
.....s=181, Rs=0.00380806
.....s=182, Rs=0.00378092
.....s=183, Rs=0.0037508
.....s=184, Rs=0.00371805
.....s=185, Rs=0.00368247
.....s=186, Rs=0.00364344
.....s=187, Rs=0.00361196
.....s=188, Rs=0.00357743
.....s=189, Rs=0.00353336
.....s=190, Rs=0.00348152
.....s=191, Rs=0.00341609
.....s=192, Rs=0.00334426
.....s=193, Rs=0.00325945
.....s=194, Rs=0.00316737
.....s=195, Rs=0.00306688
.....s=196, Rs=0.00295684
.....s=197, Rs=0.00287816
.....s=198, Rs=0.00283589
.....s=199, Rs=0.00278444
.....s=200, Rs=0.00272763
.....s=201, Rs=0.0026623
.....s=202, Rs=0.00259283
.....s=203, Rs=0.00253404
.....s=204, Rs=0.00254422
.....s=205, Rs=0.00255721
.....s=206, Rs=0.00257083
.....s=207, Rs=0.00257454
.....s=208, Rs=0.00257639
.....s=209, Rs=0.00257586
.....s=210, Rs=0.00257147
.....s=211, Rs=0.00256377
.....s=212, Rs=0.00255415
.....s=213, Rs=0.00254076
.....s=214, Rs=0.00251716
.....s=215, Rs=0.00249697
.....s=216, Rs=0.00247822
.....s=217, Rs=0.00251099
.....s=218, Rs=0.00255608
.....s=219, Rs=0.00258786
.....s=220, Rs=0.00261633
.....s=221, Rs=0.00266187
.....s=222, Rs=0.00269067
.....s=223, Rs=0.00271427
.....s=224, Rs=0.00274735
.....s=225, Rs=0.0027619
.....s=226, Rs=0.00279748
.....s=227, Rs=0.00281467
.....s=228, Rs=0.00283169
.....s=229, Rs=0.00284895
.....s=230, Rs=0.00287731
.....s=231, Rs=0.00288908
.....s=232, Rs=0.0029074
.....s=233, Rs=0.00291264
.....s=234, Rs=0.0029239
.....s=235, Rs=0.00292091
.....s=236, Rs=0.00292095
.....s=237, Rs=0.00290741
.....s=238, Rs=0.00288487
.....s=239, Rs=0.00285825
.....s=240, Rs=0.00283919
.....s=241, Rs=0.00280714
.....s=242, Rs=0.00276074
.....s=243, Rs=0.00271409
.....s=244, Rs=0.00265098
.....s=245, Rs=0.00260033
.....s=246, Rs=0.00253728
.....s=247, Rs=0.00246116
.....s=248, Rs=0.00242663
.....s=249, Rs=0.00243203
.....s=250, Rs=0.00243606
.....s=251, Rs=0.00243822
.....s=252, Rs=0.00243755
.....s=253, Rs=0.00243492
.....s=254, Rs=0.00243093
.....s=255, Rs=0.00242181
.....s=256, Rs=0.00240744
.....s=257, Rs=0.00239385
.....s=258, Rs=0.00238791
.....s=259, Rs=0.002379
.....s=260, Rs=0.00236286
.....s=261, Rs=0.0023423
.....s=262, Rs=0.00231315
.....s=263, Rs=0.002299
.....s=264, Rs=0.00227017
.....s=265, Rs=0.00223649
.....s=266, Rs=0.00220865
.....s=267, Rs=0.00217596
.....s=268, Rs=0.00213148
.....s=269, Rs=0.00209468
.....s=270, Rs=0.00204451
.....s=271, Rs=0.00199441
.....s=272, Rs=0.0019668
.....s=273, Rs=0.00191939
.....s=274, Rs=0.001864
.....s=275, Rs=0.00181553
.....s=276, Rs=0.00173385
.....s=277, Rs=0.00168256
.....s=278, Rs=0.00162665
.....s=279, Rs=0.00156273
.....s=280, Rs=0.00150128
.....s=281, Rs=0.00143271
.....s=282, Rs=0.00135769
.....s=283, Rs=0.00134685
.....s=284, Rs=0.00133535
.....s=285, Rs=0.00132296
.....s=286, Rs=0.00130945
.....s=287, Rs=0.00129429
.....s=288, Rs=0.0012766
.....s=289, Rs=0.00125516
.....s=290, Rs=0.00124357
.....s=291, Rs=0.0012485
.....s=292, Rs=0.00124533
.....s=293, Rs=0.00123777
.....s=294, Rs=0.00122485
.....s=295, Rs=0.00123141
.....s=296, Rs=0.00122544
.....s=297, Rs=0.00121733
.....s=298, Rs=0.00121724
.....s=299, Rs=0.00120004
.....s=300, Rs=0.00119492
.....s=301, Rs=0.00117927
.....s=302, Rs=0.0011571
.....s=303, Rs=0.00113943
.....s=304, Rs=0.0011062
.....s=305, Rs=0.00107306
.....s=306, Rs=0.00104071
.....s=307, Rs=0.000995284
.....s=308, Rs=0.00095136
.....s=309, Rs=0.00092157
.....s=310, Rs=0.000899894
.....s=311, Rs=0.000880938
.....s=312, Rs=0.000877209
.....s=313, Rs=0.000872602
.....s=314, Rs=0.00086354
.....s=315, Rs=0.000859191
.....s=316, Rs=0.000850709
.....s=317, Rs=0.000835307
.....s=318, Rs=0.000818812
.....s=319, Rs=0.000809021
.....s=320, Rs=0.000792885
.....s=321, Rs=0.000770852
.....s=322, Rs=0.000755895
.....s=323, Rs=0.000757142
.....s=324, Rs=0.000756383
.....s=325, Rs=0.000753386
.....s=326, Rs=0.000752701
.....s=327, Rs=0.000753916
.....s=328, Rs=0.000753623
.....s=329, Rs=0.000751195
.....s=330, Rs=0.000747225
.....s=331, Rs=0.000741552
.....s=332, Rs=0.000732277
.....s=333, Rs=0.000723463
.....s=334, Rs=0.000718687
.....s=335, Rs=0.000712389
.....s=336, Rs=0.000701209
.....s=337, Rs=0.000693113
.....s=338, Rs=0.000685469
.....s=339, Rs=0.000673141
.....s=340, Rs=0.000663665
.....s=341, Rs=0.000654556
.....s=342, Rs=0.00064132
.....s=343, Rs=0.000631396
.....s=344, Rs=0.000618214
.....s=345, Rs=0.000605814
.....s=346, Rs=0.000589849
.....s=347, Rs=0.000577558
.....s=348, Rs=0.000562016
.....s=349, Rs=0.000544107
.....s=350, Rs=0.000526494
.....s=351, Rs=0.000514801
.....s=352, Rs=0.000503505
.....s=353, Rs=0.000489993
.....s=354, Rs=0.000477246
.....s=355, Rs=0.000461723
.....s=356, Rs=0.000446092
.....s=357, Rs=0.000442336
.....s=358, Rs=0.00043857
.....s=359, Rs=0.000433447
.....s=360, Rs=0.000428775
.....s=361, Rs=0.000422421
.....s=362, Rs=0.00041657
.....s=363, Rs=0.000409643
.....s=364, Rs=0.000402497
.....s=365, Rs=0.000394779
.....s=366, Rs=0.000386371
.....s=367, Rs=0.000378131
.....s=368, Rs=0.00036972
.....s=369, Rs=0.000360578
.....s=370, Rs=0.000350935
.....s=371, Rs=0.000342314
.....s=372, Rs=0.000333552
.....s=373, Rs=0.000330645
.....s=374, Rs=0.000332667
.....s=375, Rs=0.000334538
.....s=376, Rs=0.000336384
.....s=377, Rs=0.000338174
.....s=378, Rs=0.00033981
.....s=379, Rs=0.000341093
.....s=380, Rs=0.000343041
.....s=381, Rs=0.000344223
.....s=382, Rs=0.000345407
.....s=383, Rs=0.000346637
.....s=384, Rs=0.000346407
.....s=385, Rs=0.00034638
.....s=386, Rs=0.000345387
.....s=387, Rs=0.000342879
.....s=388, Rs=0.000341211
.....s=389, Rs=0.000337922
.....s=390, Rs=0.000333453
.....s=391, Rs=0.000327919
.....s=392, Rs=0.000322612
.....s=393, Rs=0.000316113
.....s=394, Rs=0.000310016
.....s=395, Rs=0.000302276
.....s=396, Rs=0.000295024
.....s=397, Rs=0.000286789
.....s=398, Rs=0.000279277
.....s=399, Rs=0.000270995
.....s=400, Rs=0.000263669
.....s=401, Rs=0.00026092
.....s=402, Rs=0.000259115
.....s=403, Rs=0.000256786
.....s=404, Rs=0.00025391
.....s=405, Rs=0.00025057
.....s=406, Rs=0.000246791
.....s=407, Rs=0.000242506
.....s=408, Rs=0.000237662
.....s=409, Rs=0.000232656
.....s=410, Rs=0.000227135
.....s=411, Rs=0.000221307
.....s=412, Rs=0.00021767
.....s=413, Rs=0.000216067
.....s=414, Rs=0.000213674
.....s=415, Rs=0.000210567
.....s=416, Rs=0.000207563
.....s=417, Rs=0.000204896
.....s=418, Rs=0.000203008
.....s=419, Rs=0.000202007
.....s=420, Rs=0.000201277
.....s=421, Rs=0.000200533
.....s=422, Rs=0.000200041
.....s=423, Rs=0.00019924
.....s=424, Rs=0.000198332
.....s=425, Rs=0.00019726
.....s=426, Rs=0.000196085
.....s=427, Rs=0.000194719
.....s=428, Rs=0.000193045
.....s=429, Rs=0.000191095
.....s=430, Rs=0.000189082
.....s=431, Rs=0.000186542
.....s=432, Rs=0.000184061
.....s=433, Rs=0.00018117
.....s=434, Rs=0.000178234
.....s=435, Rs=0.000175309
.....s=436, Rs=0.000171932
.....s=437, Rs=0.00016814
.....s=438, Rs=0.000164606
.....s=439, Rs=0.000160997
.....s=440, Rs=0.000157176
.....s=441, Rs=0.000153142
.....s=442, Rs=0.000148862
.....s=443, Rs=0.000145234
.....s=444, Rs=0.000141414
.....s=445, Rs=0.000137566
.....s=446, Rs=0.00013366
.....s=447, Rs=0.000129968
.....s=448, Rs=0.000126396
.....s=449, Rs=0.000123198
.....s=450, Rs=0.000120307
.....s=451, Rs=0.00011784
.....s=452, Rs=0.000117528
.....s=453, Rs=0.000117363
.....s=454, Rs=0.00011701
.....s=455, Rs=0.000116375
.....s=456, Rs=0.000116089
.....s=457, Rs=0.000115488
.....s=458, Rs=0.000114616
.....s=459, Rs=0.000113599
.....s=460, Rs=0.000113884
.....s=461, Rs=0.000114319
.....s=462, Rs=0.00011447
.....s=463, Rs=0.000114384
.....s=464, Rs=0.00011413
.....s=465, Rs=0.000114123
.....s=466, Rs=0.000113945
.....s=467, Rs=0.000113541
.....s=468, Rs=0.000113011
.....s=469, Rs=0.000112268
.....s=470, Rs=0.000111438
.....s=471, Rs=0.000110427
.....s=472, Rs=0.000109334
.....s=473, Rs=0.000108307
.....s=474, Rs=0.000107323
.....s=475, Rs=0.000106219
.....s=476, Rs=0.000105018
.....s=477, Rs=0.000103773
.....s=478, Rs=0.000102433
.....s=479, Rs=0.000101011
.....s=480, Rs=0.000100871
.....s=481, Rs=0.000101169
.....s=482, Rs=0.000101562
.....s=483, Rs=0.000101906
.....s=484, Rs=0.000102246
.....s=485, Rs=0.000102423
.....s=486, Rs=0.000102612
.....s=487, Rs=0.000102829
.....s=488, Rs=0.0001029
.....s=489, Rs=0.000102894
.....s=490, Rs=0.000102747
.....s=491, Rs=0.000102554
.....s=492, Rs=0.000102213
.....s=493, Rs=0.000101785
.....s=494, Rs=0.000101316
.....s=495, Rs=0.000100727
.....s=496, Rs=0.000100027
.....s=497, Rs=9.92853e-05
.....s=498, Rs=9.85328e-05
.....s=499, Rs=9.77017e-05
.....s=500, Rs=9.67976e-05
.....s=501, Rs=9.58296e-05
.....s=502, Rs=9.48071e-05
.....s=503, Rs=9.38302e-05
.....s=504, Rs=9.28549e-05
.....s=505, Rs=9.18451e-05
.....s=506, Rs=9.08082e-05
.....s=507, Rs=8.97515e-05
.....s=508, Rs=8.8682e-05
.....s=509, Rs=8.76065e-05
.....s=510, Rs=8.65312e-05
.....s=511, Rs=8.54626e-05
.....s=512, Rs=8.44947e-05
.....s=513, Rs=8.35377e-05
.....s=514, Rs=8.25933e-05
.....s=515, Rs=8.16663e-05
.....s=516, Rs=8.07611e-05
.....s=517, Rs=7.98965e-05
.....s=518, Rs=7.90973e-05
.....s=519, Rs=7.834e-05
.....s=520, Rs=7.76268e-05
.....s=521, Rs=7.69805e-05
.....s=522, Rs=7.69363e-05
.....s=523, Rs=7.68184e-05
.....s=524, Rs=7.66443e-05
.....s=525, Rs=7.64257e-05
.....s=526, Rs=7.61438e-05
.....s=527, Rs=7.58036e-05
.....s=528, Rs=7.54111e-05
.....s=529, Rs=7.50028e-05
.....s=530, Rs=7.45548e-05
.....s=531, Rs=7.41001e-05
.....s=532, Rs=7.36842e-05
.....s=533, Rs=7.32534e-05
.....s=534, Rs=7.29089e-05
.....s=535, Rs=7.28041e-05
.....s=536, Rs=7.2711e-05
.....s=537, Rs=7.26448e-05
.....s=538, Rs=7.26557e-05
.....s=539, Rs=7.27324e-05
.....s=540, Rs=7.2807e-05
.....s=541, Rs=7.28752e-05
.....s=542, Rs=7.29328e-05
.....s=543, Rs=7.29762e-05
.....s=544, Rs=7.30143e-05
.....s=545, Rs=7.31067e-05
.....s=546, Rs=7.31676e-05
.....s=547, Rs=7.3194e-05
.....s=548, Rs=7.31838e-05
.....s=549, Rs=7.31353e-05
.....s=550, Rs=7.30478e-05
.....s=551, Rs=7.29208e-05
.....s=552, Rs=7.27548e-05
.....s=553, Rs=7.25508e-05
.....s=554, Rs=7.23102e-05
.....s=555, Rs=7.20349e-05
.....s=556, Rs=7.17274e-05
.....s=557, Rs=7.13903e-05
.....s=558, Rs=7.10471e-05
.....s=559, Rs=7.06888e-05
.....s=560, Rs=7.03097e-05
.....s=561, Rs=6.99129e-05
.....s=562, Rs=6.95014e-05
.....s=563, Rs=6.90781e-05
.....s=564, Rs=6.86459e-05
.....s=565, Rs=6.82074e-05
.....s=566, Rs=6.77651e-05
.....s=567, Rs=6.73214e-05
.....s=568, Rs=6.68784e-05
.....s=569, Rs=6.64379e-05
.....s=570, Rs=6.60016e-05
.....s=571, Rs=6.55707e-05
.....s=572, Rs=6.51466e-05
.....s=573, Rs=6.47301e-05
.....s=574, Rs=6.43221e-05
.....s=575, Rs=6.39232e-05
.....s=576, Rs=6.35339e-05
.....s=577, Rs=6.31545e-05
.....s=578, Rs=6.27852e-05
.....s=579, Rs=6.24263e-05
.....s=580, Rs=6.20779e-05
.....s=581, Rs=6.174e-05
.....s=582, Rs=6.14127e-05
.....s=583, Rs=6.10959e-05
.....s=584, Rs=6.07896e-05
.....s=585, Rs=6.04938e-05
.....s=586, Rs=6.02083e-05
.....s=587, Rs=5.99332e-05
.....s=588, Rs=5.96683e-05
.....s=589, Rs=5.94136e-05
.....s=590, Rs=5.9169e-05
.....s=591, Rs=5.89342e-05
.....s=592, Rs=5.87195e-05
.....s=593, Rs=5.85302e-05
.....s=594, Rs=5.83499e-05
.....s=595, Rs=5.81781e-05
.....s=596, Rs=5.80143e-05
.....s=597, Rs=5.78581e-05
.....s=598, Rs=5.7709e-05
.....s=599, Rs=5.75808e-05
.....s=600, Rs=5.74607e-05
.....s=601, Rs=5.73453e-05
.....s=602, Rs=5.72341e-05
.....s=603, Rs=5.71316e-05
.....s=604, Rs=5.70388e-05
.....s=605, Rs=5.69468e-05
.....s=606, Rs=5.68547e-05
.....s=607, Rs=5.6762e-05
.....s=608, Rs=5.66677e-05
.....s=609, Rs=5.65712e-05
.....s=610, Rs=5.64715e-05
.....s=611, Rs=5.63678e-05
.....s=612, Rs=5.62595e-05
.....s=613, Rs=5.61455e-05
.....s=614, Rs=5.60253e-05
.....s=615, Rs=5.58982e-05
.....s=616, Rs=5.57635e-05
.....s=617, Rs=5.56207e-05
.....s=618, Rs=5.54695e-05
.....s=619, Rs=5.53094e-05
.....s=620, Rs=5.51405e-05
.....s=621, Rs=5.49626e-05
.....s=622, Rs=5.47758e-05
.....s=623, Rs=5.45816e-05
.....s=624, Rs=5.43849e-05
.....s=625, Rs=5.41803e-05
.....s=626, Rs=5.39683e-05
.....s=627, Rs=5.37496e-05
.....s=628, Rs=5.35248e-05
.....s=629, Rs=5.3295e-05
.....s=630, Rs=5.30611e-05
.....s=631, Rs=5.2824e-05
.....s=632, Rs=5.25848e-05
.....s=633, Rs=5.23447e-05
.....s=634, Rs=5.21046e-05
.....s=635, Rs=5.18657e-05
.....s=636, Rs=5.16289e-05
.....s=637, Rs=5.13952e-05
.....s=638, Rs=5.11654e-05
.....s=639, Rs=5.09401e-05
.....s=640, Rs=5.07202e-05
.....s=641, Rs=5.0506e-05
.....s=642, Rs=5.02979e-05
.....s=643, Rs=5.00962e-05
.....s=644, Rs=4.99009e-05
.....s=645, Rs=4.97121e-05
.....s=646, Rs=4.95352e-05
.....s=647, Rs=4.9366e-05
.....s=648, Rs=4.92027e-05
.....s=649, Rs=4.90447e-05
.....s=650, Rs=4.88915e-05
.....s=651, Rs=4.87425e-05
.....s=652, Rs=4.85971e-05
.....s=653, Rs=4.84546e-05
.....s=654, Rs=4.83146e-05
.....s=655, Rs=4.81763e-05
.....s=656, Rs=4.80394e-05
.....s=657, Rs=4.79177e-05
.....s=658, Rs=4.77982e-05
.....s=659, Rs=4.76781e-05
.....s=660, Rs=4.75572e-05
.....s=661, Rs=4.74349e-05
.....s=662, Rs=4.73112e-05
.....s=663, Rs=4.71859e-05
.....s=664, Rs=4.7059e-05
.....s=665, Rs=4.69306e-05
.....s=666, Rs=4.68008e-05
.....s=667, Rs=4.66698e-05
.....s=668, Rs=4.65377e-05
.....s=669, Rs=4.64051e-05
.....s=670, Rs=4.62723e-05
.....s=671, Rs=4.61395e-05
.....s=672, Rs=4.6007e-05
.....s=673, Rs=4.58752e-05
.....s=674, Rs=4.57445e-05
.....s=675, Rs=4.5615e-05
.....s=676, Rs=4.54869e-05
.....s=677, Rs=4.53604e-05
.....s=678, Rs=4.52356e-05
.....s=679, Rs=4.51125e-05
.....s=680, Rs=4.49911e-05
.....s=681, Rs=4.48713e-05
.....s=682, Rs=4.4753e-05
.....s=683, Rs=4.46366e-05
.....s=684, Rs=4.45219e-05
.....s=685, Rs=4.44076e-05
.....s=686, Rs=4.42935e-05
.....s=687, Rs=4.41794e-05
.....s=688, Rs=4.40649e-05
.....s=689, Rs=4.39496e-05
.....s=690, Rs=4.38335e-05
.....s=691, Rs=4.37162e-05
.....s=692, Rs=4.35975e-05
.....s=693, Rs=4.34772e-05
.....s=694, Rs=4.33552e-05
.....s=695, Rs=4.32315e-05
.....s=696, Rs=4.3106e-05
.....s=697, Rs=4.29787e-05
.....s=698, Rs=4.28498e-05
.....s=699, Rs=4.27193e-05
.....s=700, Rs=4.25874e-05
.....s=701, Rs=4.24544e-05
.....s=702, Rs=4.23206e-05
.....s=703, Rs=4.21861e-05
.....s=704, Rs=4.20516e-05
.....s=705, Rs=4.19182e-05
.....s=706, Rs=4.17847e-05
.....s=707, Rs=4.16515e-05
.....s=708, Rs=4.1519e-05
.....s=709, Rs=4.13875e-05
.....s=710, Rs=4.12575e-05
.....s=711, Rs=4.11291e-05
.....s=712, Rs=4.10026e-05
.....s=713, Rs=4.08784e-05
.....s=714, Rs=4.07567e-05
.....s=715, Rs=4.06375e-05
.....s=716, Rs=4.05209e-05
.....s=717, Rs=4.0407e-05
.....s=718, Rs=4.0299e-05
.....s=719, Rs=4.01948e-05
.....s=720, Rs=4.00929e-05
.....s=721, Rs=3.99931e-05
.....s=722, Rs=3.98952e-05
.....s=723, Rs=3.97989e-05
.....s=724, Rs=3.9704e-05
.....s=725, Rs=3.96101e-05
.....s=726, Rs=3.9517e-05
.....s=727, Rs=3.94243e-05
.....s=728, Rs=3.93318e-05
.....s=729, Rs=3.92392e-05
.....s=730, Rs=3.91462e-05
.....s=731, Rs=3.90527e-05
.....s=732, Rs=3.89584e-05
.....s=733, Rs=3.88633e-05
.....s=734, Rs=3.87671e-05
.....s=735, Rs=3.86699e-05
.....s=736, Rs=3.85716e-05
.....s=737, Rs=3.84723e-05
.....s=738, Rs=3.83719e-05
.....s=739, Rs=3.82707e-05
.....s=740, Rs=3.81686e-05
.....s=741, Rs=3.80659e-05
.....s=742, Rs=3.79628e-05
.....s=743, Rs=3.78594e-05
.....s=744, Rs=3.7756e-05
.....s=745, Rs=3.76527e-05
.....s=746, Rs=3.75497e-05
.....s=747, Rs=3.74473e-05
.....s=748, Rs=3.73455e-05
.....s=749, Rs=3.72447e-05
.....s=750, Rs=3.71448e-05
.....s=751, Rs=3.7046e-05
.....s=752, Rs=3.69483e-05
.....s=753, Rs=3.68519e-05
.....s=754, Rs=3.67567e-05
.....s=755, Rs=3.66627e-05
.....s=756, Rs=3.65698e-05
.....s=757, Rs=3.64781e-05
.....s=758, Rs=3.63872e-05
.....s=759, Rs=3.62973e-05
.....s=760, Rs=3.62081e-05
.....s=761, Rs=3.61194e-05
.....s=762, Rs=3.60312e-05
.....s=763, Rs=3.59432e-05
.....s=764, Rs=3.58553e-05
.....s=765, Rs=3.57674e-05
.....s=766, Rs=3.56793e-05
.....s=767, Rs=3.5591e-05
.....s=768, Rs=3.55023e-05
.....s=769, Rs=3.54131e-05
.....s=770, Rs=3.53271e-05
.....s=771, Rs=3.52409e-05
.....s=772, Rs=3.5154e-05
.....s=773, Rs=3.50666e-05
.....s=774, Rs=3.49785e-05
.....s=775, Rs=3.48899e-05
.....s=776, Rs=3.48009e-05
.....s=777, Rs=3.47116e-05
.....s=778, Rs=3.4622e-05
.....s=779, Rs=3.45324e-05
.....s=780, Rs=3.44429e-05
.....s=781, Rs=3.43536e-05
.....s=782, Rs=3.42646e-05
.....s=783, Rs=3.41762e-05
.....s=784, Rs=3.40884e-05
.....s=785, Rs=3.40014e-05
.....s=786, Rs=3.39152e-05
.....s=787, Rs=3.38299e-05
.....s=788, Rs=3.37457e-05
.....s=789, Rs=3.36625e-05
.....s=790, Rs=3.35804e-05
.....s=791, Rs=3.34993e-05
.....s=792, Rs=3.34192e-05
.....s=793, Rs=3.33402e-05
.....s=794, Rs=3.3262e-05
.....s=795, Rs=3.31846e-05
.....s=796, Rs=3.31079e-05
.....s=797, Rs=3.30319e-05
.....s=798, Rs=3.29562e-05
.....s=799, Rs=3.2881e-05
.....s=800, Rs=3.28059e-05
.....s=801, Rs=3.27309e-05
.....s=802, Rs=3.26567e-05
.....s=803, Rs=3.25825e-05
.....s=804, Rs=3.2508e-05
.....s=805, Rs=3.24331e-05
.....s=806, Rs=3.23579e-05
.....s=807, Rs=3.22822e-05
.....s=808, Rs=3.2206e-05
.....s=809, Rs=3.21294e-05
.....s=810, Rs=3.20523e-05
.....s=811, Rs=3.19749e-05
.....s=812, Rs=3.1897e-05
.....s=813, Rs=3.18189e-05
.....s=814, Rs=3.17406e-05
.....s=815, Rs=3.16621e-05
.....s=816, Rs=3.15836e-05
.....s=817, Rs=3.15051e-05
.....s=818, Rs=3.14268e-05
.....s=819, Rs=3.13488e-05
.....s=820, Rs=3.12711e-05
.....s=821, Rs=3.11939e-05
.....s=822, Rs=3.11172e-05
.....s=823, Rs=3.1041e-05
.....s=824, Rs=3.09655e-05
.....s=825, Rs=3.08907e-05
.....s=826, Rs=3.08165e-05
.....s=827, Rs=3.0743e-05
.....s=828, Rs=3.06703e-05
.....s=829, Rs=3.05982e-05
.....s=830, Rs=3.05267e-05
.....s=831, Rs=3.04558e-05
.....s=832, Rs=3.03855e-05
.....s=833, Rs=3.03157e-05
.....s=834, Rs=3.02463e-05
.....s=835, Rs=3.01772e-05
.....s=836, Rs=3.01084e-05
.....s=837, Rs=3.00397e-05
.....s=838, Rs=2.99712e-05
.....s=839, Rs=2.99028e-05
.....s=840, Rs=2.98343e-05
.....s=841, Rs=2.97658e-05
.....s=842, Rs=2.96972e-05
.....s=843, Rs=2.96284e-05
.....s=844, Rs=2.95595e-05
.....s=845, Rs=2.94925e-05
.....s=846, Rs=2.94254e-05
.....s=847, Rs=2.93581e-05
.....s=848, Rs=2.92905e-05
.....s=849, Rs=2.92228e-05
.....s=850, Rs=2.9155e-05
.....s=851, Rs=2.90871e-05
.....s=852, Rs=2.90191e-05
.....s=853, Rs=2.89512e-05
.....s=854, Rs=2.88834e-05
.....s=855, Rs=2.88157e-05
.....s=856, Rs=2.87483e-05
.....s=857, Rs=2.86811e-05
.....s=858, Rs=2.86143e-05
.....s=859, Rs=2.85479e-05
.....s=860, Rs=2.84818e-05
.....s=861, Rs=2.84162e-05
.....s=862, Rs=2.83511e-05
.....s=863, Rs=2.82864e-05
.....s=864, Rs=2.82222e-05
.....s=865, Rs=2.81584e-05
.....s=866, Rs=2.80951e-05
.....s=867, Rs=2.80321e-05
.....s=868, Rs=2.79696e-05
.....s=869, Rs=2.79074e-05
.....s=870, Rs=2.78455e-05
.....s=871, Rs=2.77839e-05
.....s=872, Rs=2.77225e-05
.....s=873, Rs=2.76613e-05
.....s=874, Rs=2.76002e-05
.....s=875, Rs=2.75391e-05
.....s=876, Rs=2.7478e-05
.....s=877, Rs=2.7417e-05
.....s=878, Rs=2.73558e-05
.....s=879, Rs=2.72946e-05
.....s=880, Rs=2.72333e-05
.....s=881, Rs=2.71718e-05
.....s=882, Rs=2.71102e-05
.....s=883, Rs=2.70485e-05
.....s=884, Rs=2.69867e-05
.....s=885, Rs=2.69248e-05
.....s=886, Rs=2.68627e-05
.....s=887, Rs=2.68007e-05
.....s=888, Rs=2.67386e-05
.....s=889, Rs=2.66766e-05
.....s=890, Rs=2.66146e-05
.....s=891, Rs=2.65527e-05
.....s=892, Rs=2.6491e-05
.....s=893, Rs=2.64295e-05
.....s=894, Rs=2.63682e-05
.....s=895, Rs=2.63072e-05
.....s=896, Rs=2.62465e-05
.....s=897, Rs=2.61861e-05
.....s=898, Rs=2.6126e-05
.....s=899, Rs=2.60663e-05
.....s=900, Rs=2.6007e-05
.....s=901, Rs=2.59481e-05
.....s=902, Rs=2.58895e-05
.....s=903, Rs=2.58313e-05
.....s=904, Rs=2.57734e-05
.....s=905, Rs=2.57158e-05
.....s=906, Rs=2.56585e-05
.....s=907, Rs=2.56014e-05
.....s=908, Rs=2.55446e-05
.....s=909, Rs=2.54879e-05
.....s=910, Rs=2.54314e-05
.....s=911, Rs=2.53751e-05
.....s=912, Rs=2.53187e-05
.....s=913, Rs=2.52625e-05
.....s=914, Rs=2.52063e-05
.....s=915, Rs=2.51501e-05
.....s=916, Rs=2.50938e-05
.....s=917, Rs=2.50375e-05
.....s=918, Rs=2.49812e-05
.....s=919, Rs=2.49255e-05
.....s=920, Rs=2.48702e-05
.....s=921, Rs=2.4815e-05
.....s=922, Rs=2.47597e-05
.....s=923, Rs=2.47043e-05
.....s=924, Rs=2.4649e-05
.....s=925, Rs=2.45937e-05
.....s=926, Rs=2.45384e-05
.....s=927, Rs=2.44832e-05
.....s=928, Rs=2.44281e-05
.....s=929, Rs=2.43731e-05
.....s=930, Rs=2.43183e-05
.....s=931, Rs=2.42636e-05
.....s=932, Rs=2.42092e-05
.....s=933, Rs=2.41549e-05
.....s=934, Rs=2.41009e-05
.....s=935, Rs=2.40472e-05
.....s=936, Rs=2.39938e-05
.....s=937, Rs=2.39406e-05
.....s=938, Rs=2.38876e-05
.....s=939, Rs=2.3835e-05
.....s=940, Rs=2.37826e-05
.....s=941, Rs=2.37304e-05
.....s=942, Rs=2.36785e-05
.....s=943, Rs=2.36268e-05
.....s=944, Rs=2.35752e-05
.....s=945, Rs=2.35239e-05
.....s=946, Rs=2.34729e-05
.....s=947, Rs=2.34223e-05
.....s=948, Rs=2.33718e-05
.....s=949, Rs=2.33213e-05
.....s=950, Rs=2.32709e-05
.....s=951, Rs=2.32204e-05
.....s=952, Rs=2.317e-05
.....s=953, Rs=2.31196e-05
.....s=954, Rs=2.30692e-05
.....s=955, Rs=2.30188e-05
.....s=956, Rs=2.29684e-05
.....s=957, Rs=2.2918e-05
.....s=958, Rs=2.28676e-05
.....s=959, Rs=2.28172e-05
.....s=960, Rs=2.27668e-05
.....s=961, Rs=2.27165e-05
.....s=962, Rs=2.26662e-05
.....s=963, Rs=2.2616e-05
.....s=964, Rs=2.25659e-05
.....s=965, Rs=2.25159e-05
.....s=966, Rs=2.24661e-05
.....s=967, Rs=2.24164e-05
.....s=968, Rs=2.23668e-05
.....s=969, Rs=2.23174e-05
.....s=970, Rs=2.22682e-05
.....s=971, Rs=2.22192e-05
.....s=972, Rs=2.21704e-05
.....s=973, Rs=2.21218e-05
.....s=974, Rs=2.20734e-05
.....s=975, Rs=2.20252e-05
.....s=976, Rs=2.19771e-05
.....s=977, Rs=2.19293e-05
.....s=978, Rs=2.18816e-05
.....s=979, Rs=2.18341e-05
.....s=980, Rs=2.17867e-05
.....s=981, Rs=2.17395e-05
.....s=982, Rs=2.16924e-05
.....s=983, Rs=2.16454e-05
.....s=984, Rs=2.15984e-05
.....s=985, Rs=2.15516e-05
.....s=986, Rs=2.15048e-05
.....s=987, Rs=2.14581e-05
.....s=988, Rs=2.14114e-05
.....s=989, Rs=2.13648e-05
.....s=990, Rs=2.13181e-05
.....s=991, Rs=2.12716e-05
.....s=992, Rs=2.1225e-05
.....s=993, Rs=2.11784e-05
.....s=994, Rs=2.11319e-05
.....s=995, Rs=2.10855e-05
.....s=996, Rs=2.1039e-05
.....s=997, Rs=2.09927e-05
.....s=998, Rs=2.09464e-05
.....s=999, Rs=2.09001e-05
.....s=1000, Rs=2.0854e-05
Frame 0: t=100000
Frame_scalar 0: t=100000
END. stat: s=0, Rs=0, Rn=0, t_all=19.9386, mem=17.78MB

Experiment terminated.
Execution time:
all: 00:00:19.938
one cell, one iter: 4.86782e-06

fluid.0.pressure-gradient : 0.687359
fluid.1.force-correction : 1.06509
fluid.1a.explicit-viscosity : 1.68143
fluid.2.convection-diffusion : 7.04414
fluid.3.momentum-interpolation : 0.256038
fluid.4.volume-flux : 0.403676
fluid.5.pressure-system : 0.691897
fluid.6.pressure-solve : 6.18208
fluid.7.correction : 0.758989
step : 19.9267
step.advection : 0.0189496
step.fluid : 19.9065
step.fluid_properties : 0.00127764
